Running: C:\Xilinx\14.7\ISE_DS\ISE\bin\nt64\unwrapped\fuse.exe -intstyle ise -incremental -o F:/Xilinux/mahmo/alu/TESTTEST_isim_beh.exe -prj F:/Xilinux/mahmo/alu/TESTTEST_beh.prj work.TESTTEST 
ISim P.20131013 (signature 0x7708f090)
Number of CPUs detected in this system: 8
Turning on mult-threading, number of parallel sub-compilation jobs: 16 
Determining compilation order of HDL files
Parsing VHDL file "F:/Xilinux/mahmo/alu/ALU4Bit.vhd" into library work
Parsing VHDL file "F:/Xilinux/mahmo/alu/TESTTEST.vhd" into library work
Starting static elaboration
Completed static elaboration
Compiling package standard
Compiling package std_logic_1164
Compiling package std_logic_arith
Compiling package std_logic_unsigned
Compiling architecture behavioral of entity ALU4Bit [alu4bit_default]
Compiling architecture behavior of entity testtest
Time Resolution for simulation is 1ps.
WARNING:Simulator - Unable to copy libPortabilityNOSH.dll to the simulation executable directory: boost::filesystem::copy_file: The system cannot find the path specified, "isim\TESTTEST_isim_beh.exe.sim\libPortability.dll".
Compiled 7 VHDL Units
Built simulation executable F:/Xilinux/mahmo/alu/TESTTEST_isim_beh.exe
Fuse Memory Usage: 34528 KB
Fuse CPU Usage: 390 ms
