Running: fuse.exe -relaunch -intstyle "ise" -incremental -o "D:/MahmoudMostafa/MahmoudMostafa_memUnit/Test_isim_beh.exe" -prj "D:/MahmoudMostafa/MahmoudMostafa_memUnit/Test_beh.prj" "work.Test" 
ISim P.20131013 (signature 0x7708f090)
Number of CPUs detected in this system: 8
Turning on mult-threading, number of parallel sub-compilation jobs: 16 
Determining compilation order of HDL files
Parsing VHDL file "D:/MahmoudMostafa/MahmoudMostafa_memUnit/MemoryUnit.vhd" into library work
Parsing VHDL file "D:/MahmoudMostafa/MahmoudMostafa_memUnit/Test.vhd" into library work
Starting static elaboration
Completed static elaboration
Compiling package standard
Compiling package std_logic_1164
Compiling package numeric_std
Compiling architecture behavioral of entity MemoryUnit [memoryunit_default]
Compiling architecture behavior of entity test
Time Resolution for simulation is 1ps.
Waiting for 1 sub-compilation(s) to finish...
WARNING:Simulator - Unable to copy libPortabilityNOSH.dll to the simulation executable directory: boost::filesystem::copy_file: The system cannot find the path specified, "isim\Test_isim_beh.exe.sim\libPortability.dll".
Compiled 6 VHDL Units
Built simulation executable D:/MahmoudMostafa/MahmoudMostafa_memUnit/Test_isim_beh.exe
Fuse Memory Usage: 35892 KB
Fuse CPU Usage: 468 ms
