Release 14.7 - xst P.20131013 (nt64)
Copyright (c) 1995-2013 Xilinx, Inc.  All rights reserved.
--> Parameter TMPDIR set to xst/projnav.tmp


Total REAL time to Xst completion: 0.00 secs
Total CPU time to Xst completion: 0.11 secs
 
--> Parameter xsthdpdir set to xst


Total REAL time to Xst completion: 0.00 secs
Total CPU time to Xst completion: 0.11 secs
 
--> Reading design: RegisterFile.prj

TABLE OF CONTENTS
  1) Synthesis Options Summary
  2) HDL Compilation
  3) Design Hierarchy Analysis
  4) HDL Analysis
  5) HDL Synthesis
     5.1) HDL Synthesis Report
  6) Advanced HDL Synthesis
     6.1) Advanced HDL Synthesis Report
  7) Low Level Synthesis
  8) Partition Report
  9) Final Report
	9.1) Device utilization summary
	9.2) Partition Resource Summary
	9.3) TIMING REPORT


=========================================================================
*                      Synthesis Options Summary                        *
=========================================================================
---- Source Parameters
Input File Name                    : "RegisterFile.prj"
Input Format                       : mixed
Ignore Synthesis Constraint File   : NO

---- Target Parameters
Output File Name                   : "RegisterFile"
Output Format                      : NGC
Target Device                      : xc3s400-4-pq208

---- Source Options
Top Module Name                    : RegisterFile
Automatic FSM Extraction           : YES
FSM Encoding Algorithm             : Auto
Safe Implementation                : No
FSM Style                          : LUT
RAM Extraction                     : Yes
RAM Style                          : Auto
ROM Extraction                     : Yes
Mux Style                          : Auto
Decoder Extraction                 : YES
Priority Encoder Extraction        : Yes
Shift Register Extraction          : YES
Logical Shifter Extraction         : YES
XOR Collapsing                     : YES
ROM Style                          : Auto
Mux Extraction                     : Yes
Resource Sharing                   : YES
Asynchronous To Synchronous        : NO
Multiplier Style                   : Auto
Automatic Register Balancing       : No

---- Target Options
Add IO Buffers                     : YES
Global Maximum Fanout              : 100000
Add Generic Clock Buffer(BUFG)     : 8
Register Duplication               : YES
Slice Packing                      : YES
Optimize Instantiated Primitives   : NO
Use Clock Enable                   : Yes
Use Synchronous Set                : Yes
Use Synchronous Reset              : Yes
Pack IO Registers into IOBs        : Auto
Equivalent register Removal        : YES

---- General Options
Optimization Goal                  : Speed
Optimization Effort                : 1
Keep Hierarchy                     : No
Netlist Hierarchy                  : As_Optimized
RTL Output                         : Yes
Global Optimization                : AllClockNets
Read Cores                         : YES
Write Timing Constraints           : NO
Cross Clock Analysis               : NO
Hierarchy Separator                : /
Bus Delimiter                      : <>
Case Specifier                     : Maintain
Slice Utilization Ratio            : 100
BRAM Utilization Ratio             : 100
Verilog 2001                       : YES
Auto BRAM Packing                  : NO
Slice Utilization Ratio Delta      : 5

=========================================================================


=========================================================================
*                          HDL Compilation                              *
=========================================================================
Compiling vhdl file "D:/Documents/Year 3/Term 6/Xilinx Programs/Mips/MIPS_SOURCES/MahmoudMostafa_Register/Reg/Register.vhd" in Library work.
Entity <registerfile> compiled.
Entity <registerfile> (Architecture <behavioral>) compiled.

=========================================================================
*                     Design Hierarchy Analysis                         *
=========================================================================
Analyzing hierarchy for entity <RegisterFile> in library <work> (architecture <behavioral>).


=========================================================================
*                            HDL Analysis                               *
=========================================================================
Analyzing Entity <RegisterFile> in library <work> (Architecture <behavioral>).
WARNING:Xst:819 - "D:/Documents/Year 3/Term 6/Xilinx Programs/Mips/MIPS_SOURCES/MahmoudMostafa_Register/Reg/Register.vhd" line 64: One or more signals are missing in the process sensitivity list. To enable synthesis of FPGA/CPLD hardware, XST will assume that all necessary signals are present in the sensitivity list. Please note that the result of the synthesis may differ from the initial design specification. The missing signals are:
   <RegArray>
Entity <RegisterFile> analyzed. Unit <RegisterFile> generated.


=========================================================================
*                           HDL Synthesis                               *
=========================================================================

Performing bidirectional port resolution...

Synthesizing Unit <RegisterFile>.
    Related source file is "D:/Documents/Year 3/Term 6/Xilinx Programs/Mips/MIPS_SOURCES/MahmoudMostafa_Register/Reg/Register.vhd".
    Found 32x32-bit dual-port RAM <Mram_RegArray> for signal <RegArray>.
    Found 32x32-bit dual-port RAM <Mram_RegArray_ren> for signal <RegArray>.
    Summary:
	inferred   2 RAM(s).
Unit <RegisterFile> synthesized.


=========================================================================
HDL Synthesis Report

Macro Statistics
# RAMs                                                 : 2
 32x32-bit dual-port RAM                               : 2

=========================================================================

=========================================================================
*                       Advanced HDL Synthesis                          *
=========================================================================


Synthesizing (advanced) Unit <RegisterFile>.
INFO:Xst:3218 - HDL ADVISOR - The RAM <Mram_RegArray> will be implemented on LUTs either because you have described an asynchronous read or because of currently unsupported block RAM features. If you have described an asynchronous read, making it synchronous would allow you to take advantage of available block RAM resources, for optimized device usage and improved timings. Please refer to your documentation for coding guidelines.
    -----------------------------------------------------------------------
    | ram_type           | Distributed                         |          |
    -----------------------------------------------------------------------
    | Port A                                                              |
    |     aspect ratio   | 32-word x 32-bit                    |          |
    |     clkA           | connected to signal <CLK>           | rise     |
    |     weA            | connected to signal <RegWrite>      | high     |
    |     addrA          | connected to signal <WriteReg>      |          |
    |     diA            | connected to signal <WriteData>     |          |
    -----------------------------------------------------------------------
    | Port B                                                              |
    |     aspect ratio   | 32-word x 32-bit                    |          |
    |     addrB          | connected to signal <ReadReg1>      |          |
    |     doB            | connected to signal <ReadData1>     |          |
    -----------------------------------------------------------------------
INFO:Xst:3218 - HDL ADVISOR - The RAM <Mram_RegArray_ren> will be implemented on LUTs either because you have described an asynchronous read or because of currently unsupported block RAM features. If you have described an asynchronous read, making it synchronous would allow you to take advantage of available block RAM resources, for optimized device usage and improved timings. Please refer to your documentation for coding guidelines.
    -----------------------------------------------------------------------
    | ram_type           | Distributed                         |          |
    -----------------------------------------------------------------------
    | Port A                                                              |
    |     aspect ratio   | 32-word x 32-bit                    |          |
    |     clkA           | connected to signal <CLK>           | rise     |
    |     weA            | connected to signal <RegWrite>      | high     |
    |     addrA          | connected to signal <WriteReg>      |          |
    |     diA            | connected to signal <WriteData>     |          |
    -----------------------------------------------------------------------
    | Port B                                                              |
    |     aspect ratio   | 32-word x 32-bit                    |          |
    |     addrB          | connected to signal <ReadReg2>      |          |
    |     doB            | connected to signal <ReadData2>     |          |
    -----------------------------------------------------------------------
Unit <RegisterFile> synthesized (advanced).

=========================================================================
Advanced HDL Synthesis Report

Macro Statistics
# RAMs                                                 : 2
 32x32-bit dual-port distributed RAM                   : 2

=========================================================================

=========================================================================
*                         Low Level Synthesis                           *
=========================================================================

Optimizing unit <RegisterFile> ...

Mapping all equations...
Building and optimizing final netlist ...
Found area constraint ratio of 100 (+ 5) on block RegisterFile, actual ratio is 3.

Final Macro Processing ...

=========================================================================
Final Register Report

Found no macro
=========================================================================

=========================================================================
*                           Partition Report                            *
=========================================================================

Partition Implementation Status
-------------------------------

  No Partitions were found in this design.

-------------------------------

=========================================================================
*                            Final Report                               *
=========================================================================
Final Results
RTL Top Level Output File Name     : RegisterFile.ngr
Top Level Output File Name         : RegisterFile
Output Format                      : NGC
Optimization Goal                  : Speed
Keep Hierarchy                     : No

Design Statistics
# IOs                              : 113

Cell Usage :
# BELS                             : 66
#      LUT2                        : 2
#      LUT3                        : 64
# RAMS                             : 128
#      RAM16X1D                    : 128
# Clock Buffers                    : 1
#      BUFGP                       : 1
# IO Buffers                       : 112
#      IBUF                        : 48
#      OBUF                        : 64
=========================================================================

Device utilization summary:
---------------------------

Selected Device : 3s400pq208-4 

 Number of Slices:                      122  out of   3584     3%  
 Number of 4 input LUTs:                322  out of   7168     4%  
    Number used as logic:                66
    Number used as RAMs:                256
 Number of IOs:                         113
 Number of bonded IOBs:                 113  out of    141    80%  
 Number of GCLKs:                         1  out of      8    12%  

---------------------------
Partition Resource Summary:
---------------------------

  No Partitions were found in this design.

---------------------------


=========================================================================
TIMING REPORT

NOTE: THESE TIMING NUMBERS ARE ONLY A SYNTHESIS ESTIMATE.
      FOR ACCURATE TIMING INFORMATION PLEASE REFER TO THE TRACE REPORT
      GENERATED AFTER PLACE-and-ROUTE.

Clock Information:
------------------
-----------------------------------+------------------------+-------+
Clock Signal                       | Clock buffer(FF name)  | Load  |
-----------------------------------+------------------------+-------+
CLK                                | BUFGP                  | 128   |
-----------------------------------+------------------------+-------+

Asynchronous Control Signals Information:
----------------------------------------
No asynchronous control signals found in this design

Timing Summary:
---------------
Speed Grade: -4

   Minimum period: No path found
   Minimum input arrival time before clock: 4.994ns
   Maximum output required time after clock: 9.776ns
   Maximum combinational path delay: 11.400ns

Timing Detail:
--------------
All values displayed in nanoseconds (ns)

=========================================================================
Timing constraint: Default OFFSET IN BEFORE for Clock 'CLK'
  Total number of paths / destination ports: 1408 / 1280
-------------------------------------------------------------------------
Offset:              4.994ns (Levels of Logic = 2)
  Source:            WriteReg<4> (PAD)
  Destination:       Mram_RegArray1 (RAM)
  Destination Clock: CLK rising

  Data Path: WriteReg<4> to Mram_RegArray1
                                Gate     Net
    Cell:in->out      fanout   Delay   Delay  Logical Name (Net Name)
    ----------------------------------------  ------------
     IBUF:I->O             2   0.821   1.216  WriteReg_4_IBUF (WriteReg_4_IBUF)
     LUT2:I0->O           64   0.551   2.036  write_ctrl1 (write_ctrl1)
     RAM16X1D:WE               0.370          Mram_RegArray2
    ----------------------------------------
    Total                      4.994ns (1.742ns logic, 3.252ns route)
                                       (34.9% logic, 65.1% route)

=========================================================================
Timing constraint: Default OFFSET OUT AFTER for Clock 'CLK'
  Total number of paths / destination ports: 128 / 64
-------------------------------------------------------------------------
Offset:              9.776ns (Levels of Logic = 2)
  Source:            Mram_RegArray63 (RAM)
  Destination:       ReadData1<31> (PAD)
  Source Clock:      CLK rising

  Data Path: Mram_RegArray63 to ReadData1<31>
                                Gate     Net
    Cell:in->out      fanout   Delay   Delay  Logical Name (Net Name)
    ----------------------------------------  ------------
     RAM16X1D:WCLK->DPO    1   1.784   0.996  Mram_RegArray63 (N129)
     LUT3:I1->O            1   0.551   0.801  inst_LPM_MUX31111 (ReadData1_31_OBUF)
     OBUF:I->O                 5.644          ReadData1_31_OBUF (ReadData1<31>)
    ----------------------------------------
    Total                      9.776ns (7.979ns logic, 1.797ns route)
                                       (81.6% logic, 18.4% route)

=========================================================================
Timing constraint: Default path analysis
  Total number of paths / destination ports: 576 / 64
-------------------------------------------------------------------------
Delay:               11.400ns (Levels of Logic = 4)
  Source:            ReadReg1<3> (PAD)
  Destination:       ReadData1<31> (PAD)

  Data Path: ReadReg1<3> to ReadData1<31>
                                Gate     Net
    Cell:in->out      fanout   Delay   Delay  Logical Name (Net Name)
    ----------------------------------------  ------------
     IBUF:I->O            64   0.821   2.036  ReadReg1_3_IBUF (ReadReg1_3_IBUF)
     RAM16X1D:DPRA3->DPO    1   0.551   0.996  Mram_RegArray1 (N5)
     LUT3:I1->O            1   0.551   0.801  inst_LPM_MUX11 (ReadData1_0_OBUF)
     OBUF:I->O                 5.644          ReadData1_0_OBUF (ReadData1<0>)
    ----------------------------------------
    Total                     11.400ns (7.567ns logic, 3.833ns route)
                                       (66.4% logic, 33.6% route)

=========================================================================


Total REAL time to Xst completion: 5.00 secs
Total CPU time to Xst completion: 4.86 secs
 
--> 

Total memory usage is 4513584 kilobytes

Number of errors   :    0 (   0 filtered)
Number of warnings :    1 (   0 filtered)
Number of infos    :    2 (   0 filtered)

