Running: C:\Xilinx\14.7\ISE_DS\ISE\bin\nt64\unwrapped\fuse.exe -intstyle ise -incremental -o D:/MahmoudALUControl/ALU_Control/TEST_isim_beh.exe -prj D:/MahmoudALUControl/ALU_Control/TEST_beh.prj work.TEST 
ISim P.20131013 (signature 0x7708f090)
Number of CPUs detected in this system: 8
Turning on mult-threading, number of parallel sub-compilation jobs: 16 
Determining compilation order of HDL files
Parsing VHDL file "D:/MahmoudALUControl/ALU_Control/Control.vhd" into library work
Parsing VHDL file "D:/MahmoudALUControl/ALU_Control/TEST.vhd" into library work
Starting static elaboration
Completed static elaboration
Compiling package standard
Compiling package std_logic_1164
Compiling package std_logic_arith
Compiling package std_logic_unsigned
Compiling architecture behavioral of entity Control [control_default]
Compiling architecture behavior of entity test
Time Resolution for simulation is 1ps.
WARNING:Simulator - Unable to copy libPortabilityNOSH.dll to the simulation executable directory: boost::filesystem::copy_file: The system cannot find the path specified, "isim\TEST_isim_beh.exe.sim\libPortability.dll".
Compiled 7 VHDL Units
Built simulation executable D:/MahmoudALUControl/ALU_Control/TEST_isim_beh.exe
Fuse Memory Usage: 34588 KB
Fuse CPU Usage: 530 ms
